Android-dev/PROVITAPP/app/build/intermediates/manifest_merge_blame_file/debug/manifest-merger-blame-debug-report.txt
1<?xml version="1.0" encoding="utf-8"?>
2<manifest xmlns:android="http://schemas.android.com/apk/res/android"
3    package="com.example.provitapp"
4    android:versionCode="1"
5    android:versionName="1.0" >
6
7    <uses-sdk
8        android:minSdkVersion="19"
8-->src\main\AndroidManifest.xml
9        android:targetSdkVersion="29" />
9-->src\main\AndroidManifest.xml
10
11    <uses-permission android:name="android.permission.INTERNET" />
11-->src\main\AndroidManifest.xml:5:5-67
11-->src\main\AndroidManifest.xml:5:22-64
12
13    <application
13-->src\main\AndroidManifest.xml:7:5-32:19
14        android:allowBackup="true"
14-->src\main\AndroidManifest.xml:8:9-35
15        android:appComponentFactory="android.support.v4.app.CoreComponentFactory"
15-->[com.android.support:support-compat:28.0.0] AndroidManifest.xml:22:18-91
16        android:debuggable="true"
17        android:icon="@mipmap/ic_launcher"
17-->src\main\AndroidManifest.xml:9:9-43
18        android:label="@string/app_name"
18-->src\main\AndroidManifest.xml:10:9-41
19        android:roundIcon="@mipmap/ic_launcher_round"
19-->src\main\AndroidManifest.xml:11:9-54
20        android:supportsRtl="true"
20-->src\main\AndroidManifest.xml:12:9-35
21        android:testOnly="true"
22        android:theme="@style/AppTheme" >
22-->src\main\AndroidManifest.xml:13:9-40
23        <activity android:name="com.example.provitapp.LoginActivity" >
23-->src\main\AndroidManifest.xml:14:9-20:20
23-->src\main\AndroidManifest.xml:14:19-69
24            <intent-filter>
24-->src\main\AndroidManifest.xml:15:13-19:29
25                <action android:name="android.intent.action.MAIN" />
25-->src\main\AndroidManifest.xml:16:17-69
25-->src\main\AndroidManifest.xml:16:25-66
26
27                <category android:name="android.intent.category.LAUNCHER" />
27-->src\main\AndroidManifest.xml:18:17-77
27-->src\main\AndroidManifest.xml:18:27-74
28            </intent-filter>
29        </activity>
30        <activity android:name="com.example.provitapp.RegisterActivity" >
30-->src\main\AndroidManifest.xml:21:9-23:20
30-->src\main\AndroidManifest.xml:21:19-72
31        </activity>
32        <activity android:name="com.example.provitapp.ui.notifications.InfoUsuario" >
32-->src\main\AndroidManifest.xml:24:9-26:20
32-->src\main\AndroidManifest.xml:24:19-84
33        </activity>
34        <activity
34-->src\main\AndroidManifest.xml:27:9-31:20
35            android:name="com.example.provitapp.MainActivity"
35-->src\main\AndroidManifest.xml:28:13-62
36            android:label="@string/app_name" >
36-->src\main\AndroidManifest.xml:29:13-45
37        </activity>
38
39        <provider
39-->[android.arch.lifecycle:extensions:1.1.1] AndroidManifest.xml:23:9-27:43
40            android:name="android.arch.lifecycle.ProcessLifecycleOwnerInitializer"
40-->[android.arch.lifecycle:extensions:1.1.1] AndroidManifest.xml:24:13-83
41            android:authorities="com.example.provitapp.lifecycle-trojan"
41-->[android.arch.lifecycle:extensions:1.1.1] AndroidManifest.xml:25:13-68
42            android:exported="false"
42-->[android.arch.lifecycle:extensions:1.1.1] AndroidManifest.xml:26:13-37
43            android:multiprocess="true" />
43-->[android.arch.lifecycle:extensions:1.1.1] AndroidManifest.xml:27:13-40
44    </application>
45
46</manifest>